#
# There is insufficient memory for the Java Runtime Environment to continue.
# Native memory allocation (mmap) failed to map 268435456 bytes for Failed to commit area from 0x0000000701c00000 to 0x0000000711c00000 of length 268435456.
# Possible reasons:
#   The system is out of physical RAM or swap space
#   The process is running with CompressedOops enabled, and the Java Heap may be blocking the growth of the native heap
# Possible solutions:
#   Reduce memory load on the system
#   Increase physical memory or swap space
#   Check if swap backing store is full
#   Decrease Java heap size (-Xmx/-Xms)
#   Decrease number of Java threads
#   Decrease Java thread stack sizes (-Xss)
#   Set larger code cache with -XX:ReservedCodeCacheSize=
#   JVM is running with Zero Based Compressed Oops mode in which the Java heap is
#     placed in the first 32GB address space. The Java Heap base address is the
#     maximum limit for the native heap growth. Please use -XX:HeapBaseMinAddress
#     to set the Java Heap base and to place the Java Heap above 32GB virtual address.
# This output file may be truncated or incomplete.
#
#  Out of Memory Error (./open/src/hotspot/os/windows/os_windows.cpp:3315), pid=5444, tid=13060
#
# JRE version:  (14.0.1+7) (build )
# Java VM: Java HotSpot(TM) 64-Bit Server VM (14.0.1+7, mixed mode, sharing, tiered, compressed oops, g1 gc, windows-amd64)
# No core dump will be written. Minidumps are not enabled by default on client versions of Windows
#

---------------  S U M M A R Y ------------

Command Line: -javaagent:C:\Program Files\JetBrains\IntelliJ IDEA 2020.3.3\lib\idea_rt.jar=50567:C:\Program Files\JetBrains\IntelliJ IDEA 2020.3.3\bin -Dfile.encoding=UTF-8 Server

Host: Intel(R) Core(TM) i5-8250U CPU @ 1.60GHz, 8 cores, 15G,  Windows 10 , 64 bit Build 19041 (10.0.19041.928)
Time: Tue May 18 11:54:43 2021 Œrodkowoeuropejski czas letni elapsed time: 0 seconds (0d 0h 0m 0s)

---------------  T H R E A D  ---------------

Current thread (0x000001eb5bca5800):  JavaThread "Unknown thread" [_thread_in_vm, id=13060, stack(0x0000002fce300000,0x0000002fce400000)]

Stack: [0x0000002fce300000,0x0000002fce400000]
Native frames: (J=compiled Java code, j=interpreted, Vv=VM code, C=native code)
V  [jvm.dll+0x5f840a]
V  [jvm.dll+0x741e4a]
V  [jvm.dll+0x7435ff]
V  [jvm.dll+0x743c43]
V  [jvm.dll+0x20d288]
V  [jvm.dll+0x5f57ba]
V  [jvm.dll+0x5ea615]
V  [jvm.dll+0x2c7e9c]
V  [jvm.dll+0x2c7cd2]
V  [jvm.dll+0x2cdbbc]
V  [jvm.dll+0x313ff8]
V  [jvm.dll+0x313720]
V  [jvm.dll+0x2a092a]
V  [jvm.dll+0x2a1a79]
V  [jvm.dll+0x71f718]
V  [jvm.dll+0x321c44]
V  [jvm.dll+0x700b0c]
V  [jvm.dll+0x392dff]
V  [jvm.dll+0x394e71]
C  [jli.dll+0x523b]
C  [ucrtbase.dll+0x21bb2]
C  [KERNEL32.DLL+0x17034]
C  [ntdll.dll+0x52651]


---------------  P R O C E S S  ---------------

Threads class SMR info:
_java_thread_list=0x00007ffb73c13078, length=0, elements={
}

Java Threads: ( => current thread )

Other Threads:
  0x000001eb5bd07800 GCTaskThread "GC Thread#0" [stack: 0x0000002fce400000,0x0000002fce500000] [id=16244]
  0x000001eb5bd29000 ConcurrentGCThread "G1 Main Marker" [stack: 0x0000002fce500000,0x0000002fce600000] [id=7276]
  0x000001eb5bd2a800 ConcurrentGCThread "G1 Conc#0" [stack: 0x0000002fce600000,0x0000002fce700000] [id=13848]

[error occurred during error reporting (printing all threads), id 0xc0000005, EXCEPTION_ACCESS_VIOLATION (0xc0000005) at pc=0x00007ffb73441257]

VM state:not at safepoint (not fully initialized)

VM Mutex/Monitor currently owned by a thread:  ([mutex/lock_event])
[0x000001eb5bc9f990] Heap_lock - owner thread: 0x000001eb5bca5800

Heap address: 0x0000000701c00000, size: 4068 MB, Compressed Oops mode: Zero based, Oop shift amount: 3
Narrow klass base: 0x0000000000000000, Narrow klass shift: 0

GC Heap History (0 events):
No events

Deoptimization events (0 events):
No events

Classes unloaded (0 events):
No events

Classes redefined (0 events):
No events

Internal exceptions (0 events):
No events

Events (2 events):
Event: 0.009 Loaded shared library C:\Program Files\Java\jdk-14.0.1\bin\java.dll
Event: 0.010 Loaded shared library C:\Program Files\Java\jdk-14.0.1\bin\zip.dll


Dynamic libraries:
0x00007ff7f5f70000 - 0x00007ff7f5f7f000 	C:\Program Files\Java\jdk-14.0.1\bin\java.exe
0x00007ffbb3df0000 - 0x00007ffbb3fe5000 	C:\WINDOWS\SYSTEM32\ntdll.dll
0x00007ffbb3380000 - 0x00007ffbb343d000 	C:\WINDOWS\System32\KERNEL32.DLL
0x00007ffbb1920000 - 0x00007ffbb1be8000 	C:\WINDOWS\System32\KERNELBASE.dll
0x00007ffbb15e0000 - 0x00007ffbb16e0000 	C:\WINDOWS\System32\ucrtbase.dll
0x00007ffbaa510000 - 0x00007ffbaa525000 	C:\Program Files\Java\jdk-14.0.1\bin\VCRUNTIME140.dll
0x00007ffba9070000 - 0x00007ffba9088000 	C:\Program Files\Java\jdk-14.0.1\bin\jli.dll
0x00007ffbb36b0000 - 0x00007ffbb375c000 	C:\WINDOWS\System32\ADVAPI32.dll
0x00007ffbb1e50000 - 0x00007ffbb1eee000 	C:\WINDOWS\System32\msvcrt.dll
0x00007ffbb1ef0000 - 0x00007ffbb1f8b000 	C:\WINDOWS\System32\sechost.dll
0x00007ffbb3bf0000 - 0x00007ffbb3d1b000 	C:\WINDOWS\System32\RPCRT4.dll
0x00007ffbb1f90000 - 0x00007ffbb2130000 	C:\WINDOWS\System32\USER32.dll
0x00007ffbb1530000 - 0x00007ffbb1552000 	C:\WINDOWS\System32\win32u.dll
0x00007ffb94b10000 - 0x00007ffb94daa000 	C:\WINDOWS\WinSxS\amd64_microsoft.windows.common-controls_6595b64144ccf1df_6.0.19041.844_none_ca00b6081b84eb1d\COMCTL32.dll
0x00007ffbb2130000 - 0x00007ffbb215a000 	C:\WINDOWS\System32\GDI32.dll
0x00007ffbb16e0000 - 0x00007ffbb17eb000 	C:\WINDOWS\System32\gdi32full.dll
0x00007ffbb1bf0000 - 0x00007ffbb1c8d000 	C:\WINDOWS\System32\msvcp_win.dll
0x00007ffbaaa00000 - 0x00007ffbaaa0a000 	C:\WINDOWS\SYSTEM32\VERSION.dll
0x00007ffbb31b0000 - 0x00007ffbb31e0000 	C:\WINDOWS\System32\IMM32.DLL
0x00007ffb8f0a0000 - 0x00007ffb8f13b000 	C:\Program Files\Java\jdk-14.0.1\bin\msvcp140.dll
0x00007ffb73190000 - 0x00007ffb73cae000 	C:\Program Files\Java\jdk-14.0.1\bin\server\jvm.dll
0x00007ffbb3aa0000 - 0x00007ffbb3aa8000 	C:\WINDOWS\System32\PSAPI.DLL
0x00007ffba4210000 - 0x00007ffba4219000 	C:\WINDOWS\SYSTEM32\WSOCK32.dll
0x00007ffbb3260000 - 0x00007ffbb32cb000 	C:\WINDOWS\System32\WS2_32.dll
0x00007ffba5580000 - 0x00007ffba55a7000 	C:\WINDOWS\SYSTEM32\WINMM.dll
0x00007ffbafe10000 - 0x00007ffbafe22000 	C:\WINDOWS\SYSTEM32\kernel.appcore.dll
0x00007ffbabcb0000 - 0x00007ffbabcba000 	C:\Program Files\Java\jdk-14.0.1\bin\jimage.dll
0x00007ffbaeb10000 - 0x00007ffbaecf4000 	C:\WINDOWS\SYSTEM32\DBGHELP.DLL
0x00007ffbaab60000 - 0x00007ffbaab8c000 	C:\WINDOWS\SYSTEM32\dbgcore.DLL
0x00007ffbb17f0000 - 0x00007ffbb1870000 	C:\WINDOWS\System32\bcryptPrimitives.dll
0x00007ffba97d0000 - 0x00007ffba97de000 	C:\Program Files\Java\jdk-14.0.1\bin\instrument.dll
0x00007ffb938b0000 - 0x00007ffb938d5000 	C:\Program Files\Java\jdk-14.0.1\bin\java.dll
0x00007ffb97bf0000 - 0x00007ffb97c06000 	C:\Program Files\Java\jdk-14.0.1\bin\zip.dll

dbghelp: loaded successfully - version: 4.0.5 - missing functions: none
symbol engine: initialized successfully - sym options: 0x614 - pdb path: .;C:\Program Files\Java\jdk-14.0.1\bin;C:\WINDOWS\SYSTEM32;C:\WINDOWS\WinSxS\amd64_microsoft.windows.common-controls_6595b64144ccf1df_6.0.19041.844_none_ca00b6081b84eb1d;C:\Program Files\Java\jdk-14.0.1\bin\server

VM Arguments:
jvm_args: -javaagent:C:\Program Files\JetBrains\IntelliJ IDEA 2020.3.3\lib\idea_rt.jar=50567:C:\Program Files\JetBrains\IntelliJ IDEA 2020.3.3\bin -Dfile.encoding=UTF-8 
java_command: Server
java_class_path (initial): C:\Users\Asus\psr_lab1\lab1\target\classes;C:\Users\Asus\.m2\repository\com\hazelcast\hazelcast-all\4.2\hazelcast-all-4.2.jar
Launcher Type: SUN_STANDARD

[Global flags]
     intx CICompilerCount                          = 4                                         {product} {ergonomic}
     uint ConcGCThreads                            = 2                                         {product} {ergonomic}
     uint G1ConcRefinementThreads                  = 8                                         {product} {ergonomic}
   size_t G1HeapRegionSize                         = 1048576                                   {product} {ergonomic}
    uintx GCDrainStackTargetSize                   = 64                                        {product} {ergonomic}
   size_t InitialHeapSize                          = 268435456                                 {product} {ergonomic}
   size_t MarkStackSize                            = 4194304                                   {product} {ergonomic}
   size_t MaxHeapSize                              = 4265607168                                {product} {ergonomic}
   size_t MinHeapDeltaBytes                        = 1048576                                   {product} {ergonomic}
   size_t MinHeapSize                              = 8388608                                   {product} {ergonomic}
    uintx NonNMethodCodeHeapSize                   = 5839372                                {pd product} {ergonomic}
    uintx NonProfiledCodeHeapSize                  = 122909434                              {pd product} {ergonomic}
    uintx ProfiledCodeHeapSize                     = 122909434                              {pd product} {ergonomic}
    uintx ReservedCodeCacheSize                    = 251658240                              {pd product} {ergonomic}
     bool SegmentedCodeCache                       = true                                      {product} {ergonomic}
   size_t SoftMaxHeapSize                          = 4265607168                             {manageable} {ergonomic}
     bool UseCompressedClassPointers               = true                                 {lp64_product} {ergonomic}
     bool UseCompressedOops                        = true                                 {lp64_product} {ergonomic}
     bool UseG1GC                                  = true                                      {product} {ergonomic}
     bool UseLargePagesIndividualAllocation        = false                                  {pd product} {ergonomic}

Logging:
Log output configuration:
 #0: stdout all=warning uptime,level,tags
 #1: stderr all=off uptime,level,tags

Environment Variables:
JAVA_HOME=C:\Program Files\Java\jdk1.8.0_211
CLASSPATH=C:\oraclexe\app\oracle\product\11.2.0\server\jdbc\lib\ojdbc8.jar
PATH=C:\Program Files (x86)\VMware\VMware Workstation\bin\;C:\Program Files (x86)\Common Files\Oracle\Java\javapath;C:\Program Files (x86)\Mail Enable\BIN;C:\oraclexe\app\oracle\product\11.2.0\server\bin;C:\Program Files (x86)\Intel\iCLS Client\;C:\Program Files\Intel\iCLS Client\;C:\WINDOWS\system32;C:\WINDOWS;C:\WINDOWS\System32\Wbem;C:\WINDOWS\System32\WindowsPowerShell\v1.0\;C:\WINDOWS\System32\OpenSSH\;C:\Program Files (x86)\Intel\Intel(R) Management Engine Components\DAL;C:\Program Files\Intel\Intel(R) Management Engine Components\DAL;C:\Program Files (x86)\Intel\Intel(R) Management Engine Components\IPT;C:\Program Files\Intel\Intel(R) Management Engine Components\IPT;C:\Program Files\Intel\WiFi\bin\;C:\Program Files\Common Files\Intel\WirelessCommon\;C:\Program Files (x86)\CodeBlocks\MinGW\bin;C:\Program Files\Git\cmd;C:\Program Files\doxygen\bin;C:\scala\sbt;C:\Program Files (x86)\Mail Enable\BIN64;C:\Program Files\nodejs\;c:\Program Files (x86)\Microsoft SQL Server\100\Tools\Binn\;c:\Program Files\Microsoft SQL Server\100\Tools\Binn\;c:\Program Files\Microsoft SQL Server\100\DTS\Binn\;c:\Program Files (x86)\Microsoft SQL Server\100\Tools\Binn\VSShell\Common7\IDE\;c:\Program Files (x86)\Microsoft Visual Studio 9.0\Common7\IDE\PrivateAssemblies\;c:\Program Files (x86)\Microsoft SQL Server\100\DTS\Binn\;C:\Program Files (x86)\Microsoft SQL Server\150\DTS\Binn\;C:\Program Files\Microsoft SQL Server\Client SDK\ODBC\170\Tools\Binn\;C:\Program Files (x86)\Microsoft SQL Server\150\Tools\Binn\;C:\Program Files\Microsoft SQL Server\150\Tools\Binn\;C:\Program Files\Microsoft SQL Server\150\DTS\Binn\;C:\Program Files\dotnet\;C:\Program Files\Microsoft SQL Server\130\Tools\Binn\;C:\Program Files (x86)\Microsoft SQL Server\110\DTS\Binn\;C:\Program Files (x86)\Microsoft SQL Server\120\DTS\Binn\;C:\Program Files (x86)\Microsoft SQL Server\130\DTS\Binn\;C:\Program Files (x86)\Microsoft SQL Server\140\DTS\Binn\;C:\Program Files (x86)\Windows Kits\8.1\Windows Performance Toolkit
USERNAME=Asus
OS=Windows_NT
PROCESSOR_IDENTIFIER=Intel64 Family 6 Model 142 Stepping 10, GenuineIntel



---------------  S Y S T E M  ---------------

OS: Windows 10 , 64 bit Build 19041 (10.0.19041.928)
OS uptime: 26 days 10:14 hours
HyperV virtualization detected

CPU:total 8 (initial active 8) (4 cores per cpu, 2 threads per core) family 6 model 142 stepping 10, cmov, cx8, fxsr, mmx, sse, sse2, sse3, ssse3, sse4.1, sse4.2, popcnt, avx, avx2, aes, clmul, erms, 3dnowpref, lzcnt, ht, tsc, tscinvbit, bmi1, bmi2, adx, fma

Memory: 4k page, system-wide physical 16267M (6213M free)
TotalPageFile size 46714M (AvailPageFile size 81M)
current process WorkingSet (physical memory assigned to process): 10M, peak: 10M
current process commit charge ("private bytes"): 61M, peak: 316M

vm_info: Java HotSpot(TM) 64-Bit Server VM (14.0.1+7) for windows-amd64 JRE (14.0.1+7), built on Mar  5 2020 10:30:14 by "mach5one" with MS VC++ 15.9 (VS2017)

END.
